<?xml version="1.0" encoding="UTF-8"?>
<testng-results ignored="0" total="1" passed="1" failed="0" skipped="0">
  <reporter-output>
  </reporter-output>
  <suite started-at="2022-11-11T12:33:34 IST" name="Default suite" finished-at="2022-11-11T12:33:40 IST" duration-ms="6565">
    <groups>
    </groups>
    <test started-at="2022-11-11T12:33:34 IST" name="Default test" finished-at="2022-11-11T12:33:40 IST" duration-ms="6565">
      <class name="testclass.TestclassDemo">
        <test-method signature="f()[pri:0, instance:testclass.TestclassDemo@f381794]" started-at="2022-11-11T12:33:34 IST" name="f" finished-at="2022-11-11T12:33:40 IST" duration-ms="6480" status="PASS">
          <reporter-output>
          </reporter-output>
        </test-method> <!-- f -->
      </class> <!-- testclass.TestclassDemo -->
    </test> <!-- Default test -->
  </suite> <!-- Default suite -->
</testng-results>
